[backfill] 302 Pokemon sets found on PriceCharting

[137/302] · japanese expansion pack    (no sealed history)
[138/302] · japanese expedition expansion pack (no sealed history)
[139/302] · japanese fusion arts       (no sealed history)
[140/302] ✓ japanese future flash      [2.7yr from 2023-11] box=$70.92/ATH$92.98 pack=$3.5/ATH$62.24
[141/302] ✓ japanese gx ultra shiny    [3.5yr from 2023-01] box=$979.93/ATH$979.93 pack=$100/ATH$100
[142/302] · japanese gengar vmax high class (no sealed history)
[143/302] ✓ japanese glory of team rocket [1.3yr from 2025-04] box=$133.26/ATH$152.11 pack=$3.69/ATH$16.36
[144/302] ✓ japanese go                [3.0yr from 2023-07] box=$148.5/ATH$152.5 pack=$7.72/ATH$7.72
[145/302] ✓ japanese gold silver new world [2.3yr from 2024-03] box=$45000/ATH$45000
[146/302] ✓ japanese heat wave arena   [1.3yr from 2025-03] box=$106.74/ATH$120.82 pack=$6.32/ATH$6.53
[147/302] · japanese holon phantom     (no sealed history)
[148/302] · japanese holon research    (no sealed history)
[149/302] ✓ japanese incandescent arcana [3.8yr from 2022-10] box=$89.12/ATH$383.3 pack=$8/ATH$37
[150/302] ✓ japanese inferno x         [10mo from 2025-09] box=$93.53/ATH$140
[151/302] ✓ japanese jungle            [2.8yr from 2023-10] box=$46750/ATH$46750 pack=$690/ATH$699.99
[152/302] ✓ japanese leaders%27 stadium [1.3yr from 2025-03] pack=$568.7/ATH$578.35
[153/302] ✓ japanese legendary shine collection [2.8yr from 2023-09] box=$2107.04/ATH$2110.33 pack=$263.26/ATH$271
[154/302] ✓ japanese lost abyss        [2.9yr from 2023-08] box=$347.04/ATH$395.5 pack=$7.5/ATH$172.87
[155/302] ✓ japanese mask of change    [2.2yr from 2024-05] box=$91.13/ATH$91.13 pack=$7/ATH$38.8
[156/302] ✓ japanese mega brave        [1.0yr from 2025-07] box=$98.75/ATH$99.5 pack=$2.15/ATH$72
[157/302] · japanese mega starter deck gengar ex (no sealed history)
[158/302] ✓ japanese mega symphonia    [1.0yr from 2025-07] box=$84.75/ATH$156
[159/302] ✓ japanese miracle twins     [3.5yr from 2023-01] box=$965.28/ATH$965.28 pack=$17.99/ATH$29.99
[160/302] · japanese mysterious mountains (no sealed history)
[161/302] ✓ japanese mystery of the fossils [2.8yr from 2023-10] box=$16775/ATH$16775 pack=$800/ATH$856.99
[162/302] · japanese neo premium file  (no sealed history)
[163/302] ✓ japanese night unison      [2.2yr from 2024-05] box=$494.98/ATH$494.98 pack=$45.69/ATH$45.7
[164/302] ✓ japanese night wanderer    [2.1yr from 2024-06] box=$83.94/ATH$83.94 pack=$2.91/ATH$23.02
[165/302] ✓ japanese nihil zero        [6mo from 2026-01] box=$70.91/ATH$84.35 pack=$4.75/ATH$87.8
[166/302] ✓ japanese ninja spinner     [4mo from 2026-03] box=$83.27/ATH$95.49 pack=$4.02/ATH$15.5
[167/302] · japanese offense and defense of the furthest ends (no sealed history)
[168/302] · japanese old maid          (no sealed history)
[169/302] ✓ japanese paradigm trigger  [3.7yr from 2022-11] box=$155/ATH$172.42 pack=$7.58/ATH$15.24
[170/302] · japanese paradise dragona  (no sealed history)
[171/302] ✓ japanese phantom gate      [3.3yr from 2023-04] box=$4542.28/ATH$5000 pack=$228.67/ATH$228.67
[172/302] · japanese player%27s club   (no sealed history)
[173/302] ✓ japanese pokekyun collection [7mo from 2025-12] pack=$1200/ATH$1200
[174/302] ✓ japanese raging surf       [2.8yr from 2023-10] box=$95.34/ATH$95.34 pack=$7/ATH$69.11
[175/302] ✓ japanese remix bout        [3.3yr from 2023-04] box=$721.98/ATH$780 pack=$89/ATH$89
[176/302] ✓ japanese rocket gang       [2.8yr from 2023-10] box=$115/ATH$11316.8 pack=$940/ATH$940
[177/302] ✓ japanese ruler of the black flame [2.9yr from 2023-08] box=$134.39/ATH$134.39 pack=$6.75/ATH$7.98
[178/302] · japanese svg special set   (no sealed history)
[179/302] ✓ japanese scarlet & violet 151 [3.0yr from 2023-07] box=$309.56/ATH$357.64
[180/302] ✓ japanese scarlet ex        [2.9yr from 2023-08] box=$90/ATH$124.99 pack=$5/ATH$5.38
[181/302] · japanese shining darkness  (no sealed history)
[182/302] ✓ japanese shining legends   [1.3yr from 2025-03] box=$3243.84/ATH$3243.84
[183/302] ✓ japanese shiny collection  [1.3yr from 2025-03] box=$6281.85/ATH$8302.72 pack=$465/ATH$465
[184/302] ✓ japanese shiny star v      [3.4yr from 2023-02] box=$128/ATH$159.25
[185/302] ✓ japanese shiny treasure ex [2.6yr from 2023-12] box=$112.45/ATH$128.23
[186/302] ✓ japanese sky legend        [3.4yr from 2023-02] box=$591.43/ATH$591.43 pack=$11.67/ATH$13.53
[187/302] ✓ japanese snow hazard       [2.8yr from 2023-09] box=$90/ATH$90 pack=$3.21/ATH$7.69
[188/302] · japanese southern islands  (no sealed history)
[189/302] ✓ japanese split earth       [2.0yr from 2024-07] pack=$1499.99/ATH$1499.99
[190/302] ✓ japanese star birth        [2.9yr from 2023-08] box=$124.24/ATH$131.03
[191/302] · japanese start deck 100    (no sealed history)
[192/302] · japanese start deck 100 battle collection (no sealed history)
[193/302] ✓ japanese stellar miracle   [2.0yr from 2024-07] box=$80.22/ATH$80.22 pack=$3.05/ATH$58
[194/302] ✓ japanese super electric breaker [1.8yr from 2024-10] box=$111.99/ATH$198.99 pack=$5.63/ATH$5.63
[195/302] ✓ japanese tag all stars     [3.8yr from 2022-10] pack=$51/ATH$76
[196/302] ✓ japanese tag bolt          [3.2yr from 2023-05] box=$2490.38/ATH$2490.38 pack=$212.06/ATH$212.06
[197/302] · japanese tag team starter set (no sealed history)
[198/302] · japanese taruka            (no sealed history)
[199/302] ✓ japanese terastal festival [1.6yr from 2024-12] box=$90.5/ATH$112.5 pack=$15.5/ATH$22.9
[200/302] ✓ japanese the town on no map [3.8yr from 2022-10] pack=$1308.52/ATH$1308.52
[201/302] ✓ japanese time gazer        [2.9yr from 2023-08] box=$111.35/ATH$111.35 pack=$6.75/ATH$6.75
[202/302] ✓ japanese topsun            [3mo from 2026-04] pack=$602.25/ATH$602.25
[203/302] ✓ japanese triplet beat      [2.9yr from 2023-08] box=$128.75/ATH$128.75 pack=$4.34/ATH$889.99
[204/302] ✓ japanese vmax climax       [3.5yr from 2023-01] box=$214/ATH$214
[205/302] · japanese vs                (no sealed history)
[206/302] ✓ japanese vstar universe    [3.6yr from 2022-12] box=$218.82/ATH$234.71
[207/302] · japanese vending           (no sealed history)
[208/302] ✓ japanese violet ex         [3.3yr from 2023-04] box=$76.63/ATH$135.5
[209/302] ✓ japanese web               [1.5yr from 2025-01] pack=$2580.2/ATH$2580.2
[210/302] ✓ japanese white flare       [1.1yr from 2025-06] box=$135.51/ATH$138.21 pack=$11/ATH$20.99
[211/302] ✓ japanese wild blaze        [1.3yr from 2025-03] pack=$100/ATH$100
[212/302] ✓ japanese wild force        [2.5yr from 2024-01] box=$79/ATH$85 pack=$3.38/ATH$34.78
[213/302] · japanese world championships 2023 (no sealed history)
[214/302] · japanese yamabuki city gym (no sealed history)
[215/302] ✓ jungle                     [5.2yr from 2021-05] pack=$296/ATH$440.73
[216/302] ✓ korean eevee heroes        [1.1yr from 2025-06] pack=$6/ATH$18.71
[217/302] ✓ korean glory of team rocket [11mo from 2025-08] box=$58.36/ATH$62.86
[218/302] ✓ korean heat wave arena     [1.1yr from 2025-06] box=$49.38/ATH$49.68
[219/302] ✓ korean inferno x           [4mo from 2026-03] box=$69.38/ATH$69.38 pack=$2.85/ATH$2.85
[220/302] · korean promo               (no sealed history)
[221/302] ✓ korean scarlet & violet 151 [6mo from 2026-01] box=$146.46/ATH$146.46 pack=$9.99/ATH$9.99
[222/302] ✓ korean terastal festival ex [1.1yr from 2025-06] box=$75.38/ATH$82.13
[223/302] ✓ legend maker               [3.2yr from 2023-05] box=$13472/ATH$13472
[224/302] ✓ legendary collection       [5.1yr from 2021-06] box=$9300/ATH$24918.56 pack=$4123.4/ATH$4123.4
[225/302] ✓ legendary treasures        [5.1yr from 2021-06] box=$16666.5/ATH$16666.5 pack=$304.53/ATH$1439.98
[226/302] ✓ legends awakened           [5.1yr from 2021-06] pack=$332.92/ATH$332.92
[227/302] ✓ lost thunder               [5.2yr from 2021-05] box=$1537/ATH$1576 pack=$47.14/ATH$58.15
[228/302] ✓ majestic dawn              [2.9yr from 2023-08] box=$5900/ATH$9999.99
[229/302] · mcdonalds 2018             (no sealed history)
[230/302] · mcdonalds 2019             (no sealed history)
[231/302] ✓ mcdonalds 2021             [3.3yr from 2023-03] pack=$9.83/ATH$55.43
[232/302] ✓ mcdonalds 2022             [3.3yr from 2023-03] pack=$6.55/ATH$14.99
[233/302] · mcdonalds 2023             (no sealed history)
[234/302] · mcdonalds 2024             (no sealed history)
[235/302] ✓ mysterious treasures       [5.1yr from 2021-06] box=$18515.84/ATH$18515.84 pack=$185.39/ATH$185.39
[236/302] ✓ neo destiny                [5.1yr from 2021-06] box=$24759.77/ATH$392667.33 pack=$1186.41/ATH$1186.41
[237/302] ✓ neo discovery              [5.1yr from 2021-06] box=$13063.92/ATH$34374.99 pack=$607.5/ATH$619.76
[238/302] ✓ neo genesis                [4.3yr from 2022-04] box=$15398.3/ATH$15398.3
[239/302] ✓ neo revelation             [4.6yr from 2021-12] box=$12145.3/ATH$15490.6
[240/302] ✓ next destinies             [5.1yr from 2021-06] box=$5948.21/ATH$8169.72 pack=$182.44/ATH$182.69
[241/302] ✓ noble victories            [4.2yr from 2022-05] box=$5088.04/ATH$5088.04
[242/302] ✓ obsidian flames            [2.9yr from 2023-08] box=$376/ATH$376 etb=$292.1/ATH$292.1 bundle=$96.06/ATH$96.06 pack=$12.64/ATH$15.5
[243/302] ✓ pop series 1               [4.6yr from 2021-12] pack=$100/ATH$123.5
[244/302] ✓ pop series 2               [4.8yr from 2021-10] pack=$120.38/ATH$746
[245/302] ✓ pop series 3               [4.5yr from 2022-01] pack=$127.5/ATH$137.93
[246/302] ✓ pop series 4               [3.8yr from 2022-10] pack=$140.05/ATH$227.5
[247/302] ✓ pop series 5               [4.9yr from 2021-08] pack=$1999.95/ATH$2127.15
[248/302] ✓ paldea evolved             [3.1yr from 2023-06] box=$485.61/ATH$485.61 bundle=$106.55/ATH$106.55 pack=$14.99/ATH$22.5
[249/302] ✓ paradox rift               [2.7yr from 2023-11] box=$282.38/ATH$282.38 bundle=$44.29/ATH$49.88 pack=$10.97/ATH$209.69
[250/302] ✓ phantom forces             [5.1yr from 2021-06] box=$13905.91/ATH$13905.91 etb=$5873.07/ATH$6287.5
[251/302] · pikachu libre & suicune    (no sealed history)
[252/302] ✓ plasma blast               [5.1yr from 2021-06] box=$4424.99/ATH$5350.24 etb=$7650/ATH$7850.7 pack=$200/ATH$200
[253/302] ✓ plasma freeze              [5.0yr from 2021-07] box=$12715.79/ATH$12715.79 pack=$275.56/ATH$275.56
[254/302] ✓ plasma storm               [5.1yr from 2021-06] box=$23251.4/ATH$23583.74 etb=$13997.79/ATH$14225 pack=$497.77/ATH$497.77
[255/302] ✓ platinum                   [5.1yr from 2021-06] box=$11978.63/ATH$13961 pack=$360.13/ATH$360.13
[256/302] ✓ power keepers              [5.1yr from 2021-06] box=$13526/ATH$17995.23 pack=$928.84/ATH$928.84
[257/302] ✓ primal clash               [5.1yr from 2021-06] box=$3076.27/ATH$3157.39 pack=$63.21/ATH$63.21
[258/302] ✓ rebel clash                [5.1yr from 2021-06] box=$473.85/ATH$473.85 etb=$254/ATH$299 pack=$10.39/ATH$24.95
[259/302] ✓ rising rivals              [5.1yr from 2021-06] box=$8994.99/ATH$8995 pack=$318.87/ATH$318.87
[260/302] ✓ roaring skies              [5.1yr from 2021-06] box=$3875.22/ATH$4062.65
[261/302] ✓ ruby & sapphire            [1.8yr from 2024-10] box=$16245.7/ATH$16245.7
[262/302] · rumble                     (no sealed history)
[263/302] · sandstorm                  (no sealed history)
[264/302] ✓ scarlet & violet           [3.3yr from 2023-04] pack=$8.99/ATH$439.19
[265/302] · scarlet & violet energy    (no sealed history)
[266/302] ✓ secret wonders             [5.1yr from 2021-06] box=$12500/ATH$20000 pack=$451.22/ATH$451.22
[267/302] ✓ shining fates              [5.2yr from 2021-05] etb=$140/ATH$143.23 pack=$15.7/ATH$15.8
[268/302] ✓ shining legends            [3.5yr from 2023-01] etb=$1056.75/ATH$1056.75 pack=$120.22/ATH$120.22
[269/302] ✓ shrouded fable             [1.9yr from 2024-08] etb=$122/ATH$122 bundle=$55.49/ATH$60.04 pack=$13.18/ATH$13.18
[270/302] ✓ silver tempest             [3.7yr from 2022-11] box=$490.47/ATH$545 etb=$150.85/ATH$150.85 bundle=$101.61/ATH$101.61
[271/302] ✓ skyridge                   [5.2yr from 2021-05] box=$182486.38/ATH$205817.37 pack=$2658.99/ATH$2658.99
[272/302] · southern islands           (no sealed history)
[273/302] ✓ steam siege                [5.1yr from 2021-06] box=$1093.24/ATH$1256.4 etb=$1555.11/ATH$1637.5 pack=$31.75/ATH$33
[274/302] ✓ stellar crown              [1.8yr from 2024-09] box=$319.99/ATH$319.99 etb=$148.77/ATH$148.77 pack=$9.23/ATH$10.18
[275/302] ✓ stormfront                 [5.1yr from 2021-06] box=$8409.47/ATH$14382.35 pack=$251.93/ATH$269.99
[276/302] ✓ sun & moon                 [5.1yr from 2021-06] box=$858.27/ATH$912.5
[277/302] ✓ supreme victors            [5.1yr from 2021-06] box=$14255.77/ATH$14548.98 pack=$663.39/ATH$663.39
[278/302] · sword & shield             (no sealed history)
[279/302] · tcg classic blastoise deck (no sealed history)
[280/302] · tcg classic charizard deck (no sealed history)
[281/302] · tcg classic venusaur deck  (no sealed history)
[282/302] ✓ team magma & team aqua     [2.8yr from 2023-09] box=$17500/ATH$17500 pack=$679.66/ATH$681.72
[283/302] ✓ team rocket                [5.2yr from 2021-05] box=$9637.5/ATH$15155.98 pack=$347.5/ATH$788
[284/302] ✓ team rocket returns        [5.2yr from 2021-05] box=$67654/ATH$67654 pack=$1894.48/ATH$1894.48
[285/302] ✓ team up                    [5.1yr from 2021-06] box=$11425/ATH$11425 etb=$3704.85/ATH$3704.85 pack=$101.25/ATH$200.87
[286/302] ✓ temporal forces            [2.3yr from 2024-03] box=$319.95/ATH$319.95 bundle=$78.15/ATH$78.15 pack=$9.55/ATH$73
[287/302] ✓ trick or trade 2022        [3.8yr from 2022-09] pack=$1.86/ATH$50.99
[288/302] ✓ trick or trade 2023        [2.8yr from 2023-09] bundle=$55.74/ATH$57.85 pack=$2.08/ATH$14.25
[289/302] ✓ trick or trade 2024        [1.8yr from 2024-09] bundle=$53.25/ATH$154.94 pack=$2.45/ATH$28.62
[290/302] ✓ triumphant                 [4.5yr from 2022-01] box=$5188.71/ATH$28992.18
[291/302] ✓ twilight masquerade        [2.2yr from 2024-05] box=$334.28/ATH$340 etb=$101.22/ATH$299.9 pack=$8.45/ATH$34.71
[292/302] ✓ ultra prism                [5.1yr from 2021-06] box=$1498.75/ATH$1523.4 pack=$35.69/ATH$56.9
[293/302] ✓ unbroken bonds             [5.1yr from 2021-06] box=$2401/ATH$2451.81 etb=$1703/ATH$1703 pack=$53/ATH$70.75
[294/302] ✓ undaunted                  [3.7yr from 2022-11] box=$7710.5/ATH$9964.59 pack=$342.35/ATH$342.35
[295/302] ✓ unified minds              [5.1yr from 2021-06] box=$2856.25/ATH$3051.64 etb=$1609.35/ATH$1609.35 pack=$68.21/ATH$69.03
[296/302] ✓ unleashed                  [2.8yr from 2023-09] box=$3850.64/ATH$3850.64
[297/302] ✓ unseen forces              [5.1yr from 2021-06] box=$120455.18/ATH$121344.75 pack=$1205/ATH$1205
[298/302] ✓ vivid voltage              [5.2yr from 2021-05] box=$295.41/ATH$295.41 etb=$129.94/ATH$131.67 pack=$10/ATH$32.17
[299/302] ✓ white flare                [1.0yr from 2025-07] etb=$130.66/ATH$130.66 bundle=$64.99/ATH$94.12 pack=$11.99/ATH$12.09
[300/302] · world championships 2019   (no sealed history)
[301/302] · world championships 2023   (no sealed history)
[302/302] ✓ xy                         [5.0yr from 2021-07] box=$2035.16/ATH$3225 pack=$75/ATH$77.66

[backfill] DONE — 126/302 sets with sealed history → set-history.json
